Using pre-set license
Built from '2020.3/staging' branch; Version is '2020.3.25f1 (9b9180224418) revision 10195328'; Using compiler version '192528614'; Build Type 'Release'
OS: 'Windows 10  (10.0.18363) 64bit Professional' Language: 'zh' Physical Memory: 7971 MB
BatchMode: 1, IsHumanControllingUs: 0, StartBugReporterOnCrash: 0, Is64bit: 1, IsPro: 0

COMMAND LINE ARGUMENTS:
C:\Program Files\Unity\Hub\Editor\2020.3.25f1\Editor\Unity.exe
-adb2
-batchMode
-noUpm
-name
AssetImportWorker0
-projectPath
C:/Users/Appedu/Documents/GitHub/Unity_3D_20190919/Unity_3D_20210919
-logFile
Logs/AssetImportWorker0.log
-srvPort
49386
Successfully changed project path to: C:/Users/Appedu/Documents/GitHub/Unity_3D_20190919/Unity_3D_20210919
C:/Users/Appedu/Documents/GitHub/Unity_3D_20190919/Unity_3D_20210919
Using Asset Import Pipeline V2.
Refreshing native plugins compatible for Editor in 28.69 ms, found 2 plugins.
Preloading 0 native plugins for Editor in 0.00 ms.
Initialize engine version: 2020.3.25f1 (9b9180224418)
[Subsystems] Discovering subsystems at path C:/Program Files/Unity/Hub/Editor/2020.3.25f1/Editor/Data/Resources/UnitySubsystems
[Subsystems] Discovering subsystems at path C:/Users/Appedu/Documents/GitHub/Unity_3D_20190919/Unity_3D_20210919/Assets
GfxDevice: creating device client; threaded=0
Direct3D:
    Version:  Direct3D 11.0 [level 11.1]
    Renderer: NVIDIA GeForce RTX 3050 Laptop GPU (ID=0x25a2)
    Vendor:   
    VRAM:     3991 MB
    Driver:   30.0.14.7168
Initialize mono
Mono path[0] = 'C:/Program Files/Unity/Hub/Editor/2020.3.25f1/Editor/Data/Managed'
Mono path[1] = 'C:/Program Files/Unity/Hub/Editor/2020.3.25f1/Editor/Data/MonoBleedingEdge/lib/mono/unityjit'
Mono config path = 'C:/Program Files/Unity/Hub/Editor/2020.3.25f1/Editor/Data/MonoBleedingEdge/etc'
Using monoOptions --debugger-agent=transport=dt_socket,embedding=1,server=y,suspend=n,address=127.0.0.1:56624
Begin MonoManager ReloadAssembly
Registering precompiled unity dll's ...
Register platform support module: C:/Program Files/Unity/Hub/Editor/2020.3.25f1/Editor/Data/PlaybackEngines/WebGLSupport/UnityEditor.WebGL.Extensions.dll
Register platform support module: C:/Program Files/Unity/Hub/Editor/2020.3.25f1/Editor/Data/PlaybackEngines/WindowsStandaloneSupport/UnityEditor.WindowsStandalone.Extensions.dll
Registered in 0.001469 seconds.
Native extension for WindowsStandalone target not found
Native extension for WebGL target not found
Refreshing native plugins compatible for Editor in 34.36 ms, found 2 plugins.
Preloading 0 native plugins for Editor in 0.00 ms.
Mono: successfully reloaded assembly
- Completed reload, in  0.540 seconds
Domain Reload Profiling:
	ReloadAssembly (540ms)
		BeginReloadAssembly (54ms)
			ExecutionOrderSort (0ms)
			DisableScriptedObjects (0ms)
			BackupInstance (0ms)
			ReleaseScriptingObjects (0ms)
			CreateAndSetChildDomain (1ms)
		EndReloadAssembly (420ms)
			LoadAssemblies (52ms)
			RebuildTransferFunctionScriptingTraits (0ms)
			SetupTypeCache (136ms)
			ReleaseScriptCaches (0ms)
			RebuildScriptCaches (26ms)
			SetupLoadedEditorAssemblies (160ms)
				LogAssemblyErrors (0ms)
				InitializePlatformSupportModulesInManaged (5ms)
				SetLoadedEditorAssemblies (0ms)
				RefreshPlugins (35ms)
				BeforeProcessingInitializeOnLoad (8ms)
				ProcessInitializeOnLoadAttributes (81ms)
				ProcessInitializeOnLoadMethodAttributes (31ms)
				AfterProcessingInitializeOnLoad (0ms)
				EditorAssembliesLoaded (0ms)
			ExecutionOrderSort2 (0ms)
			AwakeInstancesAfterBackupRestoration (0ms)
Platform modules already initialized, skipping
Registering precompiled user dll's ...
Registered in 0.003543 seconds.
Begin MonoManager ReloadAssembly
Native extension for WindowsStandalone target not found
Native extension for WebGL target not found
Refreshing native plugins compatible for Editor in 0.35 ms, found 2 plugins.
Preloading 0 native plugins for Editor in 0.00 ms.
Mono: successfully reloaded assembly
- Completed reload, in  1.062 seconds
Domain Reload Profiling:
	ReloadAssembly (1063ms)
		BeginReloadAssembly (174ms)
			ExecutionOrderSort (0ms)
			DisableScriptedObjects (5ms)
			BackupInstance (0ms)
			ReleaseScriptingObjects (0ms)
			CreateAndSetChildDomain (33ms)
		EndReloadAssembly (802ms)
			LoadAssemblies (121ms)
			RebuildTransferFunctionScriptingTraits (0ms)
			SetupTypeCache (301ms)
			ReleaseScriptCaches (0ms)
			RebuildScriptCaches (37ms)
			SetupLoadedEditorAssemblies (273ms)
				LogAssemblyErrors (0ms)
				InitializePlatformSupportModulesInManaged (5ms)
				SetLoadedEditorAssemblies (0ms)
				RefreshPlugins (0ms)
				BeforeProcessingInitializeOnLoad (55ms)
				ProcessInitializeOnLoadAttributes (198ms)
				ProcessInitializeOnLoadMethodAttributes (10ms)
				AfterProcessingInitializeOnLoad (4ms)
				EditorAssembliesLoaded (0ms)
			ExecutionOrderSort2 (0ms)
			AwakeInstancesAfterBackupRestoration (7ms)
Platform modules already initialized, skipping
========================================================================
Worker process is ready to serve import requests
Launched and connected shader compiler UnityShaderCompiler.exe after 0.05 seconds
Refreshing native plugins compatible for Editor in 1.18 ms, found 2 plugins.
Preloading 0 native plugins for Editor in 0.00 ms.
Unloading 1500 Unused Serialized files (Serialized files now loaded: 0)
System memory in use before: 68.6 MB.
System memory in use after: 68.7 MB.

Unloading 19 unused Assets to reduce memory usage. Loaded Objects now: 1932.
Total: 3.174600 ms (FindLiveObjects: 0.114900 ms CreateObjectMapping: 0.026900 ms MarkObjects: 2.924400 ms  DeleteObjects: 0.106800 ms)

AssetImportParameters requested are different than current active one (requested -> active):
  custom:framework-win-MediaFoundation: 216162199b28c13a410421893ffa2e32 -> 
  custom:video-decoder-ogg-theora: a1e56fd34408186e4bbccfd4996cb3dc -> 
  custom:container-muxer-webm: aa71ff27fc2769a1b78a27578f13a17b -> 
  custom:container-demuxer-webm: 4f35f7cbe854078d1ac9338744f61a02 -> 
  custom:container-demuxer-ogg: 62fdf1f143b41e24485cea50d1cbac27 -> 
  custom:video-encoder-webm-vp8: eb34c28f22e8b96e1ab97ce403110664 -> 
  custom:video-decoder-webm-vp8: 9c59270c3fd7afecdb556c50c9e8de78 -> 
  custom:audio-decoder-ogg-vorbis: bf7c407c2cedff20999df2af8eb42d56 -> 
  custom:audio-encoder-webm-vorbis: bf7c407c2cedff20999df2af8eb42d56 -> 
========================================================================
Received Import Request.
  path: Assets/level 1.unity
  artifactKey: Guid(092586e47a62b5c49aaa0cb4cb5fa13f) Importer(815301076,1909f56bfc062723c751e8b465ee728b)
Start importing Assets/level 1.unity using Guid(092586e47a62b5c49aaa0cb4cb5fa13f) Importer(815301076,1909f56bfc062723c751e8b465ee728b)  -> (artifact id: 'fe7894de0ca88b470a35c8462be7230d') in 0.015332 seconds 
  Import took 0.017821 seconds .

========================================================================
Received Import Request.
  Time since last request: 188.451861 seconds.
  path: Assets/狐/0.tga
  artifactKey: Guid(a273e79169bf16243a78ca26577f13af) Importer(815301076,1909f56bfc062723c751e8b465ee728b)
Start importing Assets/狐/0.tga using Guid(a273e79169bf16243a78ca26577f13af) Importer(815301076,1909f56bfc062723c751e8b465ee728b)  -> (artifact id: '12e340e58c7e022bfc8d6cfa321dae77') in 0.080965 seconds 
  Import took 0.085136 seconds .

========================================================================
Received Import Request.
  Time since last request: 0.000275 seconds.
  path: Assets/狐/1.tga
  artifactKey: Guid(2168c5c25f8e1d74283abcb30edae060) Importer(815301076,1909f56bfc062723c751e8b465ee728b)
Start importing Assets/狐/1.tga using Guid(2168c5c25f8e1d74283abcb30edae060) Importer(815301076,1909f56bfc062723c751e8b465ee728b)  -> (artifact id: '1e74d84aca9c42489ae635699bc54a5c') in 0.026757 seconds 
  Import took 0.031175 seconds .

========================================================================
Received Import Request.
  Time since last request: 0.000399 seconds.
  path: Assets/狐/5.tga
  artifactKey: Guid(fcd9924db3b35c24f9720222f2859780) Importer(815301076,1909f56bfc062723c751e8b465ee728b)
Start importing Assets/狐/5.tga using Guid(fcd9924db3b35c24f9720222f2859780) Importer(815301076,1909f56bfc062723c751e8b465ee728b)  -> (artifact id: '1fb46d77cac497a7c72886e5785b80a7') in 0.019058 seconds 
  Import took 0.023735 seconds .

========================================================================
Received Import Request.
  Time since last request: 0.000345 seconds.
  path: Assets/狐/6.tga
  artifactKey: Guid(a75b69751bae43f4092b4dfd6c261a85) Importer(815301076,1909f56bfc062723c751e8b465ee728b)
Start importing Assets/狐/6.tga using Guid(a75b69751bae43f4092b4dfd6c261a85) Importer(815301076,1909f56bfc062723c751e8b465ee728b)  -> (artifact id: 'e08f78da92020d57cd346089d6d203e6') in 0.015833 seconds 
  Import took 0.020721 seconds .

========================================================================
Received Import Request.
  Time since last request: 0.000468 seconds.
  path: Assets/狐/8.tga
  artifactKey: Guid(8dab40cf43ae52448a16bb440e6bff5f) Importer(815301076,1909f56bfc062723c751e8b465ee728b)
Start importing Assets/狐/8.tga using Guid(8dab40cf43ae52448a16bb440e6bff5f) Importer(815301076,1909f56bfc062723c751e8b465ee728b)  -> (artifact id: 'd50e399147cbda5ac03a7c5ff8dbeddd') in 0.016880 seconds 
  Import took 0.021739 seconds .

========================================================================
Received Import Request.
  Time since last request: 0.000596 seconds.
  path: Assets/狐/3.tga
  artifactKey: Guid(fd89e9d80d5a0374091ef951ac95e59a) Importer(815301076,1909f56bfc062723c751e8b465ee728b)
Start importing Assets/狐/3.tga using Guid(fd89e9d80d5a0374091ef951ac95e59a) Importer(815301076,1909f56bfc062723c751e8b465ee728b)  -> (artifact id: '06c803ab37b27661d40069594a0791e8') in 0.015908 seconds 
  Import took 0.021128 seconds .

========================================================================
Received Import Request.
  Time since last request: 0.000279 seconds.
  path: Assets/狐/9.tga
  artifactKey: Guid(9f0ad21bfd00b6f4685e8019b4957478) Importer(815301076,1909f56bfc062723c751e8b465ee728b)
Start importing Assets/狐/9.tga using Guid(9f0ad21bfd00b6f4685e8019b4957478) Importer(815301076,1909f56bfc062723c751e8b465ee728b)  -> (artifact id: 'e0cdd85a6e11387c5f5c89a2f7548ce5') in 0.015962 seconds 
  Import took 0.021281 seconds .

========================================================================
Received Import Request.
  Time since last request: 0.000417 seconds.
  path: Assets/狐/4.tga
  artifactKey: Guid(b27a38b64981f5b4998855f772abcd7e) Importer(815301076,1909f56bfc062723c751e8b465ee728b)
Start importing Assets/狐/4.tga using Guid(b27a38b64981f5b4998855f772abcd7e) Importer(815301076,1909f56bfc062723c751e8b465ee728b)  -> (artifact id: 'f52326f7352d1199056cff5216f5485f') in 0.020744 seconds 
  Import took 0.024615 seconds .

========================================================================
Received Import Request.
  Time since last request: 0.000235 seconds.
  path: Assets/狐/2.tga
  artifactKey: Guid(0b55e0feec9e089468e4ff138393c8a1) Importer(815301076,1909f56bfc062723c751e8b465ee728b)
Start importing Assets/狐/2.tga using Guid(0b55e0feec9e089468e4ff138393c8a1) Importer(815301076,1909f56bfc062723c751e8b465ee728b)  -> (artifact id: '70ccf13cf59c391670e7339405dd5599') in 0.016329 seconds 
  Import took 0.019634 seconds .

========================================================================
Received Import Request.
  Time since last request: 0.000397 seconds.
  path: Assets/狐/7.tga
  artifactKey: Guid(965207c9d569f464e8faea9af3845c54) Importer(815301076,1909f56bfc062723c751e8b465ee728b)
Start importing Assets/狐/7.tga using Guid(965207c9d569f464e8faea9af3845c54) Importer(815301076,1909f56bfc062723c751e8b465ee728b)  -> (artifact id: '2e1f61a3a356b6f8b51bc5206b0aa3e0') in 0.017890 seconds 
  Import took 0.024192 seconds .

========================================================================
Received Import Request.
  Time since last request: 1.513373 seconds.
  path: Assets/狐/10.tga
  artifactKey: Guid(78d5afa435188df4099c00888c76d394) Importer(815301076,1909f56bfc062723c751e8b465ee728b)
Start importing Assets/狐/10.tga using Guid(78d5afa435188df4099c00888c76d394) Importer(815301076,1909f56bfc062723c751e8b465ee728b)  -> (artifact id: 'c6da9d0c04f9d50108d7ff39afba8669') in 0.015792 seconds 
  Import took 0.018947 seconds .

========================================================================
Received Import Request.
  Time since last request: 0.000234 seconds.
  path: Assets/狐/11.tga
  artifactKey: Guid(9828b3ace76a5b44f868cbcc8f8692e4) Importer(815301076,1909f56bfc062723c751e8b465ee728b)
Start importing Assets/狐/11.tga using Guid(9828b3ace76a5b44f868cbcc8f8692e4) Importer(815301076,1909f56bfc062723c751e8b465ee728b)  -> (artifact id: 'd0a7754b683a34d3e315c7f82e0a055d') in 0.015274 seconds 
  Import took 0.018704 seconds .

========================================================================
Received Import Request.
  Time since last request: 0.449257 seconds.
  path: Assets/狐/12.tga
  artifactKey: Guid(ecb5cb732eef5ec4d90cf32444d8cd32) Importer(815301076,1909f56bfc062723c751e8b465ee728b)
Start importing Assets/狐/12.tga using Guid(ecb5cb732eef5ec4d90cf32444d8cd32) Importer(815301076,1909f56bfc062723c751e8b465ee728b)  -> (artifact id: 'ef18f4ee47efff1867af1e3f8a37ecb0') in 0.016506 seconds 
  Import took 0.019836 seconds .

========================================================================
Received Import Request.
  Time since last request: 0.000424 seconds.
  path: Assets/狐/13.tga
  artifactKey: Guid(4cf62ae21660cdc49b769577d7ae553a) Importer(815301076,1909f56bfc062723c751e8b465ee728b)
Start importing Assets/狐/13.tga using Guid(4cf62ae21660cdc49b769577d7ae553a) Importer(815301076,1909f56bfc062723c751e8b465ee728b)  -> (artifact id: 'd6c403b427497a30631eb2f3ee854bdb') in 0.023803 seconds 
  Import took 0.027682 seconds .

========================================================================
Received Import Request.
  Time since last request: 0.271282 seconds.
  path: Assets/狐/14.tga
  artifactKey: Guid(24f757334c51cd2489b047eea3359b21) Importer(815301076,1909f56bfc062723c751e8b465ee728b)
Start importing Assets/狐/14.tga using Guid(24f757334c51cd2489b047eea3359b21) Importer(815301076,1909f56bfc062723c751e8b465ee728b)  -> (artifact id: '230aa311f3f4738b06ae84c9b0908126') in 0.011297 seconds 
  Import took 0.013975 seconds .

========================================================================
Received Import Request.
  Time since last request: 0.000213 seconds.
  path: Assets/狐/15.tga
  artifactKey: Guid(6495350f5a392cc45b7a33cb0fe6befb) Importer(815301076,1909f56bfc062723c751e8b465ee728b)
Start importing Assets/狐/15.tga using Guid(6495350f5a392cc45b7a33cb0fe6befb) Importer(815301076,1909f56bfc062723c751e8b465ee728b)  -> (artifact id: 'bf9537e5ddcd915689db4a5bd10a3a9a') in 0.012802 seconds 
  Import took 0.016429 seconds .

========================================================================
Received Import Request.
  Time since last request: 0.048334 seconds.
  path: Assets/狐/16.tga
  artifactKey: Guid(221a1c01f194aad44afce4feaac32627) Importer(815301076,1909f56bfc062723c751e8b465ee728b)
Start importing Assets/狐/16.tga using Guid(221a1c01f194aad44afce4feaac32627) Importer(815301076,1909f56bfc062723c751e8b465ee728b)  -> (artifact id: '8c8d0ce638237dc5720a1081176933d2') in 0.009837 seconds 
  Import took 0.023267 seconds .

========================================================================
Received Import Request.
  Time since last request: 0.000261 seconds.
  path: Assets/狐/17.tga
  artifactKey: Guid(39eb78c78d23d1842b023c276ac90851) Importer(815301076,1909f56bfc062723c751e8b465ee728b)
Start importing Assets/狐/17.tga using Guid(39eb78c78d23d1842b023c276ac90851) Importer(815301076,1909f56bfc062723c751e8b465ee728b)  -> (artifact id: '6e89f3b9ab97c55ece3323c89e905099') in 0.010656 seconds 
  Import took 0.014358 seconds .

========================================================================
Received Import Request.
  Time since last request: 48.340169 seconds.
  path: Assets/狐/FOX.fbx
  artifactKey: Guid(c03ce74a266c2fd4d98e2b0edc2fc408) Importer(815301076,1909f56bfc062723c751e8b465ee728b)
Start importing Assets/狐/FOX.fbx using Guid(c03ce74a266c2fd4d98e2b0edc2fc408) Importer(815301076,1909f56bfc062723c751e8b465ee728b)  -> (artifact id: '4a449fc02bc58b4df2ed71808c0c3334') in 0.265488 seconds 
  Import took 0.273319 seconds .

========================================================================
Received Import Request.
  Time since last request: 31.248652 seconds.
  path: Assets/狐/Cat Lamp.obj
  artifactKey: Guid(4a152fc3d0927c4468f5a006c23fcd09) Importer(815301076,1909f56bfc062723c751e8b465ee728b)
Start importing Assets/狐/Cat Lamp.obj using Guid(4a152fc3d0927c4468f5a006c23fcd09) Importer(815301076,1909f56bfc062723c751e8b465ee728b)  -> (artifact id: '4fc6ff85999d5460149ab9009143738c') in 0.047115 seconds 
  Import took 0.051691 seconds .

========================================================================
Received Import Request.
  Time since last request: 7.644086 seconds.
  path: Assets/狐/Cat_Lamp_Albedo.tga.png
  artifactKey: Guid(2bf01f9c4f347fe4aa31221c0e41a8a3) Importer(815301076,1909f56bfc062723c751e8b465ee728b)
Start importing Assets/狐/Cat_Lamp_Albedo.tga.png using Guid(2bf01f9c4f347fe4aa31221c0e41a8a3) Importer(815301076,1909f56bfc062723c751e8b465ee728b)  -> (artifact id: '57d908638d4285b3612c7966c19e2878') in 0.046525 seconds 
  Import took 0.051415 seconds .

========================================================================
Received Import Request.
  Time since last request: 0.000396 seconds.
  path: Assets/狐/Cat_Lamp_Emission.tga.png
  artifactKey: Guid(41818d9133d9bd444bc3dfa7b2719f91) Importer(815301076,1909f56bfc062723c751e8b465ee728b)
Start importing Assets/狐/Cat_Lamp_Emission.tga.png using Guid(41818d9133d9bd444bc3dfa7b2719f91) Importer(815301076,1909f56bfc062723c751e8b465ee728b)  -> (artifact id: '519a12eaca84494a063dadd7675951f6') in 0.019320 seconds 
  Import took 0.026048 seconds .

========================================================================
Received Import Request.
  Time since last request: 0.000367 seconds.
  path: Assets/狐/Cat_Lamp_Height.tga.png
  artifactKey: Guid(82a3d60b8e8eeaf459e7e63fd2a9602e) Importer(815301076,1909f56bfc062723c751e8b465ee728b)
Start importing Assets/狐/Cat_Lamp_Height.tga.png using Guid(82a3d60b8e8eeaf459e7e63fd2a9602e) Importer(815301076,1909f56bfc062723c751e8b465ee728b)  -> (artifact id: '3e4fbe825e90ad4d20b0fc5343de9c18') in 0.017078 seconds 
  Import took 0.022284 seconds .

========================================================================
Received Import Request.
  Time since last request: 0.000447 seconds.
  path: Assets/狐/Cat_Lamp_Occlusion.tga.png
  artifactKey: Guid(bd6b66ccef56a2c4fbc751bce4c28351) Importer(815301076,1909f56bfc062723c751e8b465ee728b)
Start importing Assets/狐/Cat_Lamp_Occlusion.tga.png using Guid(bd6b66ccef56a2c4fbc751bce4c28351) Importer(815301076,1909f56bfc062723c751e8b465ee728b)  -> (artifact id: 'dc81cb137d21417772c90da6d3fed35b') in 0.015089 seconds 
  Import took 0.018256 seconds .

========================================================================
Received Import Request.
  Time since last request: 0.000279 seconds.
  path: Assets/狐/Cat_Lamp_Metallic.tga.png
  artifactKey: Guid(eebbbc03ef4dfbc43ad4c625135b395d) Importer(815301076,1909f56bfc062723c751e8b465ee728b)
Start importing Assets/狐/Cat_Lamp_Metallic.tga.png using Guid(eebbbc03ef4dfbc43ad4c625135b395d) Importer(815301076,1909f56bfc062723c751e8b465ee728b)  -> (artifact id: '6c05ac754cc2e95bb070f935b75876cd') in 0.017854 seconds 
  Import took 0.023811 seconds .

========================================================================
Received Import Request.
  Time since last request: 0.000416 seconds.
  path: Assets/狐/Cat_Lamp_Normal.tga.png
  artifactKey: Guid(620a325f4801dd946af86c6c9cbb0645) Importer(815301076,1909f56bfc062723c751e8b465ee728b)
Start importing Assets/狐/Cat_Lamp_Normal.tga.png using Guid(620a325f4801dd946af86c6c9cbb0645) Importer(815301076,1909f56bfc062723c751e8b465ee728b)  -> (artifact id: 'ead6f620b3a39b92dc9e12ced16998f2') in 0.016728 seconds 
  Import took 0.021784 seconds .

========================================================================
Received Import Request.
  Time since last request: 39.256226 seconds.
  path: Assets/狐/Materials
  artifactKey: Guid(b152b7e669e76ea44a8e52d48a38206d) Importer(815301076,1909f56bfc062723c751e8b465ee728b)
Start importing Assets/狐/Materials using Guid(b152b7e669e76ea44a8e52d48a38206d) Importer(815301076,1909f56bfc062723c751e8b465ee728b)  -> (artifact id: '1949527b6c9da737b7f4c766635d574e') in 0.003050 seconds 
  Import took 0.007107 seconds .

========================================================================
Received Import Request.
  Time since last request: 1.512837 seconds.
  path: Assets/狐/Materials/Cat_Lamp_Albedo.tga.mat
  artifactKey: Guid(d77bc432b03c93f4e80a93bfba7d9336) Importer(815301076,1909f56bfc062723c751e8b465ee728b)
Start importing Assets/狐/Materials/Cat_Lamp_Albedo.tga.mat using Guid(d77bc432b03c93f4e80a93bfba7d9336) Importer(815301076,1909f56bfc062723c751e8b465ee728b)  -> (artifact id: 'a9cc033e79d9acd9e507b811aebdab78') in 0.034098 seconds 
  Import took 0.037517 seconds .

========================================================================
Received Import Request.
  Time since last request: 0.000178 seconds.
  path: Assets/狐/Materials/Cat_Lamp_Metallic.tga.mat
  artifactKey: Guid(f56d852c489302543ad9a74b9088aaef) Importer(815301076,1909f56bfc062723c751e8b465ee728b)
Start importing Assets/狐/Materials/Cat_Lamp_Metallic.tga.mat using Guid(f56d852c489302543ad9a74b9088aaef) Importer(815301076,1909f56bfc062723c751e8b465ee728b)  -> (artifact id: '1e45092bed6f13745c7ebd3067d51fc1') in 0.028456 seconds 
  Import took 0.031493 seconds .

========================================================================
Received Import Request.
  Time since last request: 0.000219 seconds.
  path: Assets/狐/Materials/Cat_Lamp_Normal.tga.mat
  artifactKey: Guid(b3bc97b8f4cab574eae6a8bae780ddcc) Importer(815301076,1909f56bfc062723c751e8b465ee728b)
Start importing Assets/狐/Materials/Cat_Lamp_Normal.tga.mat using Guid(b3bc97b8f4cab574eae6a8bae780ddcc) Importer(815301076,1909f56bfc062723c751e8b465ee728b)  -> (artifact id: 'ffa1d13591bf0ec43282b589e2542b32') in 0.022654 seconds 
  Import took 0.025525 seconds .

========================================================================
Received Import Request.
  Time since last request: 0.000428 seconds.
  path: Assets/狐/Materials/Cat_Lamp_Occlusion.tga.mat
  artifactKey: Guid(24afb8333b8ed8e4e9c9f1e4c6a9bf86) Importer(815301076,1909f56bfc062723c751e8b465ee728b)
Start importing Assets/狐/Materials/Cat_Lamp_Occlusion.tga.mat using Guid(24afb8333b8ed8e4e9c9f1e4c6a9bf86) Importer(815301076,1909f56bfc062723c751e8b465ee728b)  -> (artifact id: 'a14e6d1d4bbcbb8c020563f1163ffb98') in 0.028719 seconds 
  Import took 0.043535 seconds .

========================================================================
Received Import Request.
  Time since last request: 0.000258 seconds.
  path: Assets/狐/Materials/Cat_Lamp_Emission.tga.mat
  artifactKey: Guid(59fa47cdd79a3b246a3dc74a7205f16f) Importer(815301076,1909f56bfc062723c751e8b465ee728b)
Start importing Assets/狐/Materials/Cat_Lamp_Emission.tga.mat using Guid(59fa47cdd79a3b246a3dc74a7205f16f) Importer(815301076,1909f56bfc062723c751e8b465ee728b)  -> (artifact id: '8a05f06a5a77478c06adcf6082c281e8') in 0.020836 seconds 
  Import took 0.024286 seconds .

========================================================================
Received Import Request.
  Time since last request: 0.000428 seconds.
  path: Assets/狐/Materials/Cat_Lamp_Height.tga.mat
  artifactKey: Guid(ff53f93375800b3448868e8e098c54e1) Importer(815301076,1909f56bfc062723c751e8b465ee728b)
Start importing Assets/狐/Materials/Cat_Lamp_Height.tga.mat using Guid(ff53f93375800b3448868e8e098c54e1) Importer(815301076,1909f56bfc062723c751e8b465ee728b)  -> (artifact id: '1136fc37eaea1e26b73b23ed59a61fff') in 0.018675 seconds 
  Import took 0.024989 seconds .

========================================================================
Received Import Request.
  Time since last request: 65.870359 seconds.
  path: Assets/狐/Cat Lamp.obj
  artifactKey: Guid(4a152fc3d0927c4468f5a006c23fcd09) Importer(815301076,1909f56bfc062723c751e8b465ee728b)
Start importing Assets/狐/Cat Lamp.obj using Guid(4a152fc3d0927c4468f5a006c23fcd09) Importer(815301076,1909f56bfc062723c751e8b465ee728b)  -> (artifact id: 'ef86970681c5ecef48c47c2de83f240f') in 0.052442 seconds 
  Import took 0.055901 seconds .

========================================================================
Received Import Request.
  Time since last request: 14.283934 seconds.
  path: Assets/狐/Cat Lamp.obj
  artifactKey: Guid(4a152fc3d0927c4468f5a006c23fcd09) Importer(815301076,1909f56bfc062723c751e8b465ee728b)
Start importing Assets/狐/Cat Lamp.obj using Guid(4a152fc3d0927c4468f5a006c23fcd09) Importer(815301076,1909f56bfc062723c751e8b465ee728b)  -> (artifact id: 'f8f50989979e261a5ab9ce49916f17ad') in 0.039263 seconds 
  Import took 0.052869 seconds .

========================================================================
Received Import Request.
  Time since last request: 684.816676 seconds.
  path: Assets/慶暨貓
  artifactKey: Guid(bd68d49b62916724e82b0219c007d208) Importer(815301076,1909f56bfc062723c751e8b465ee728b)
Start importing Assets/慶暨貓 using Guid(bd68d49b62916724e82b0219c007d208) Importer(815301076,1909f56bfc062723c751e8b465ee728b)  -> (artifact id: '4effce8b01a4bdc48ce44becba88b577') in 0.003526 seconds 
  Import took 0.010881 seconds .

========================================================================
Received Import Request.
  Time since last request: 176.292769 seconds.
  path: Assets/動畫
  artifactKey: Guid(fb6d5f40becac684f98619f35e0081b3) Importer(815301076,1909f56bfc062723c751e8b465ee728b)
Start importing Assets/動畫 using Guid(fb6d5f40becac684f98619f35e0081b3) Importer(815301076,1909f56bfc062723c751e8b465ee728b)  -> (artifact id: '3244e78529f35a1fb6da6172e5a0a4de') in 0.004311 seconds 
  Import took 0.009407 seconds .

========================================================================
Received Import Request.
  Time since last request: 4.243352 seconds.
  path: Assets/動畫/Happy Idle.fbx
  artifactKey: Guid(a59e22a13b6ba1645a9e2c51c7aa5c1a) Importer(815301076,1909f56bfc062723c751e8b465ee728b)
Start importing Assets/動畫/Happy Idle.fbx using Guid(a59e22a13b6ba1645a9e2c51c7aa5c1a) Importer(815301076,1909f56bfc062723c751e8b465ee728b)  -> (artifact id: '5d71747206bf4549af2ad1a3e5fd3146') in 0.020954 seconds 
  Import took 0.024910 seconds .

========================================================================
Received Import Request.
  Time since last request: 0.000241 seconds.
  path: Assets/動畫/Throw Object.fbx
  artifactKey: Guid(507aaff5f094f3041a8d0ec14c65a254) Importer(815301076,1909f56bfc062723c751e8b465ee728b)
Start importing Assets/動畫/Throw Object.fbx using Guid(507aaff5f094f3041a8d0ec14c65a254) Importer(815301076,1909f56bfc062723c751e8b465ee728b)  -> (artifact id: 'fa9b8dda90bfaccd80b4ba95ef985d00') in 0.010151 seconds 
  Import took 0.014761 seconds .

========================================================================
Received Import Request.
  Time since last request: 0.000410 seconds.
  path: Assets/動畫/Two Handed Sword Death.fbx
  artifactKey: Guid(23aad1c5da933e442ba2bf285ec4bfa4) Importer(815301076,1909f56bfc062723c751e8b465ee728b)
Start importing Assets/動畫/Two Handed Sword Death.fbx using Guid(23aad1c5da933e442ba2bf285ec4bfa4) Importer(815301076,1909f56bfc062723c751e8b465ee728b)  -> (artifact id: '863cd9b83bdb53688289dbd14c5af174') in 0.012558 seconds 
  Import took 0.017025 seconds .

========================================================================
Received Import Request.
  Time since last request: 136.935891 seconds.
  path: Assets/動畫/Two Handed Sword Death.fbx
  artifactKey: Guid(23aad1c5da933e442ba2bf285ec4bfa4) Importer(815301076,1909f56bfc062723c751e8b465ee728b)
Start importing Assets/動畫/Two Handed Sword Death.fbx using Guid(23aad1c5da933e442ba2bf285ec4bfa4) Importer(815301076,1909f56bfc062723c751e8b465ee728b)  -> (artifact id: '819da5b5949969ac26be6e68ee4595b5') in 0.011419 seconds 
  Import took 0.016124 seconds .

========================================================================
Received Import Request.
  Time since last request: 0.009735 seconds.
  path: Assets/動畫/Happy Idle.fbx
  artifactKey: Guid(a59e22a13b6ba1645a9e2c51c7aa5c1a) Importer(815301076,1909f56bfc062723c751e8b465ee728b)
Start importing Assets/動畫/Happy Idle.fbx using Guid(a59e22a13b6ba1645a9e2c51c7aa5c1a) Importer(815301076,1909f56bfc062723c751e8b465ee728b)  -> (artifact id: 'a1717afea55ccf41abbff3353c88a690') in 0.009894 seconds 
  Import took 0.013900 seconds .

========================================================================
Received Import Request.
  Time since last request: 0.000415 seconds.
  path: Assets/動畫/Throw Object.fbx
  artifactKey: Guid(507aaff5f094f3041a8d0ec14c65a254) Importer(815301076,1909f56bfc062723c751e8b465ee728b)
Start importing Assets/動畫/Throw Object.fbx using Guid(507aaff5f094f3041a8d0ec14c65a254) Importer(815301076,1909f56bfc062723c751e8b465ee728b)  -> (artifact id: '6097cde4c8dbcd0eab15e144c3a77195') in 0.009858 seconds 
  Import took 0.015642 seconds .

========================================================================
Received Import Request.
  Time since last request: 596.433260 seconds.
  path: Assets/動畫/Happy Idle.fbx
  artifactKey: Guid(a59e22a13b6ba1645a9e2c51c7aa5c1a) Importer(815301076,1909f56bfc062723c751e8b465ee728b)
Start importing Assets/動畫/Happy Idle.fbx using Guid(a59e22a13b6ba1645a9e2c51c7aa5c1a) Importer(815301076,1909f56bfc062723c751e8b465ee728b)  -> (artifact id: 'bf5223bc78af085c1efd03102de63549') in 0.013419 seconds 
  Import took 0.020303 seconds .

========================================================================
Received Import Request.
  Time since last request: 10.605817 seconds.
  path: Assets/動畫/Throw Object.fbx
  artifactKey: Guid(507aaff5f094f3041a8d0ec14c65a254) Importer(815301076,1909f56bfc062723c751e8b465ee728b)
Start importing Assets/動畫/Throw Object.fbx using Guid(507aaff5f094f3041a8d0ec14c65a254) Importer(815301076,1909f56bfc062723c751e8b465ee728b)  -> (artifact id: '9b8ddcda7814ca18157511b0217dc028') in 0.013881 seconds 
  Import took 0.018917 seconds .

========================================================================
Received Import Request.
  Time since last request: 12.674963 seconds.
  path: Assets/動畫/Two Handed Sword Death.fbx
  artifactKey: Guid(23aad1c5da933e442ba2bf285ec4bfa4) Importer(815301076,1909f56bfc062723c751e8b465ee728b)
Start importing Assets/動畫/Two Handed Sword Death.fbx using Guid(23aad1c5da933e442ba2bf285ec4bfa4) Importer(815301076,1909f56bfc062723c751e8b465ee728b)  -> (artifact id: '43a015533158b65915d40ecca16029ee') in 0.010129 seconds 
  Import took 0.013393 seconds .

========================================================================
Received Import Request.
  Time since last request: 240.887005 seconds.
  path: Assets/動畫/WITHfangs.fbx
  artifactKey: Guid(2dd36625bfa59144fa934ec5e7bd6633) Importer(815301076,1909f56bfc062723c751e8b465ee728b)
Start importing Assets/動畫/WITHfangs.fbx using Guid(2dd36625bfa59144fa934ec5e7bd6633) Importer(815301076,1909f56bfc062723c751e8b465ee728b)  -> (artifact id: '27d2ff3bf69103c035531b9b29288276') in 0.081633 seconds 
  Import took 0.086772 seconds .

========================================================================
Received Import Request.
  Time since last request: 693.199686 seconds.
  path: Assets/動畫/WITHfangs.fbx
  artifactKey: Guid(2dd36625bfa59144fa934ec5e7bd6633) Importer(815301076,1909f56bfc062723c751e8b465ee728b)
Start importing Assets/動畫/WITHfangs.fbx using Guid(2dd36625bfa59144fa934ec5e7bd6633) Importer(815301076,1909f56bfc062723c751e8b465ee728b)  -> (artifact id: '493d7b993ca15d4fd0fc7663263d615e') in 0.034585 seconds 
  Import took 0.039802 seconds .

========================================================================
Received Import Request.
  Time since last request: 0.000281 seconds.
  path: Assets/動畫/WITHfangs@Two Handed Sword Death.fbx
  artifactKey: Guid(27605906da5e07946a6e61f078dca99c) Importer(815301076,1909f56bfc062723c751e8b465ee728b)
Start importing Assets/動畫/WITHfangs@Two Handed Sword Death.fbx using Guid(27605906da5e07946a6e61f078dca99c) Importer(815301076,1909f56bfc062723c751e8b465ee728b)  -> (artifact id: '2c8366600d002112c0f16037a77a0432') in 0.026545 seconds 
  Import took 0.030708 seconds .

========================================================================
Received Import Request.
  Time since last request: 0.000235 seconds.
  path: Assets/動畫/WITHfangs@Throw.fbx
  artifactKey: Guid(dab5e78d1f4744243b743ad350dbc379) Importer(815301076,1909f56bfc062723c751e8b465ee728b)
Start importing Assets/動畫/WITHfangs@Throw.fbx using Guid(dab5e78d1f4744243b743ad350dbc379) Importer(815301076,1909f56bfc062723c751e8b465ee728b)  -> (artifact id: '4b879b439d5a7e509e5df8f63841e697') in 0.025927 seconds 
  Import took 0.029087 seconds .

========================================================================
Received Import Request.
  Time since last request: 0.000298 seconds.
  path: Assets/動畫/WITHfangs@Happy Idle.fbx
  artifactKey: Guid(e06c8a826d8564848827f7199e70e092) Importer(815301076,1909f56bfc062723c751e8b465ee728b)
Start importing Assets/動畫/WITHfangs@Happy Idle.fbx using Guid(e06c8a826d8564848827f7199e70e092) Importer(815301076,1909f56bfc062723c751e8b465ee728b)  -> (artifact id: '405d67759e3bb0da4ccec27095e22786') in 0.008004 seconds 
  Import took 0.011584 seconds .

========================================================================
Received Import Request.
  Time since last request: 26.028343 seconds.
  path: Assets/動畫/WITHfangs.fbx
  artifactKey: Guid(2dd36625bfa59144fa934ec5e7bd6633) Importer(815301076,1909f56bfc062723c751e8b465ee728b)
Start importing Assets/動畫/WITHfangs.fbx using Guid(2dd36625bfa59144fa934ec5e7bd6633) Importer(815301076,1909f56bfc062723c751e8b465ee728b)  -> (artifact id: '1f0973d188b4b9c76a8066016b5f26bf') in 0.038482 seconds 
  Import took 0.043308 seconds .

========================================================================
Received Import Request.
  Time since last request: 47.882295 seconds.
  path: Assets/動畫/WITHfangs@Happy Idle.fbx
  artifactKey: Guid(e06c8a826d8564848827f7199e70e092) Importer(815301076,1909f56bfc062723c751e8b465ee728b)
Start importing Assets/動畫/WITHfangs@Happy Idle.fbx using Guid(e06c8a826d8564848827f7199e70e092) Importer(815301076,1909f56bfc062723c751e8b465ee728b)  -> (artifact id: '41b8e992aa62518d3c7d1bafbb5d72bb') in 0.030931 seconds 
  Import took 0.037769 seconds .

========================================================================
Received Import Request.
  Time since last request: 30.802075 seconds.
  path: Assets/動畫/WITHfangs@Happy Idle.fbx
  artifactKey: Guid(e06c8a826d8564848827f7199e70e092) Importer(815301076,1909f56bfc062723c751e8b465ee728b)
Start importing Assets/動畫/WITHfangs@Happy Idle.fbx using Guid(e06c8a826d8564848827f7199e70e092) Importer(815301076,1909f56bfc062723c751e8b465ee728b)  -> (artifact id: '23be30f8112e0ec02a164a55ef5619cd') in 0.045399 seconds 
  Import took 0.052097 seconds .

========================================================================
Received Import Request.
  Time since last request: 0.000507 seconds.
  path: Assets/動畫/WITHfangs@Two Handed Sword Death.fbx
  artifactKey: Guid(27605906da5e07946a6e61f078dca99c) Importer(815301076,1909f56bfc062723c751e8b465ee728b)
Start importing Assets/動畫/WITHfangs@Two Handed Sword Death.fbx using Guid(27605906da5e07946a6e61f078dca99c) Importer(815301076,1909f56bfc062723c751e8b465ee728b)  -> (artifact id: 'e2916c6b00f9f8aac9147f6249f12265') in 0.045797 seconds 
  Import took 0.053294 seconds .

========================================================================
Received Import Request.
  Time since last request: 0.000812 seconds.
  path: Assets/動畫/WITHfangs@Throw.fbx
  artifactKey: Guid(dab5e78d1f4744243b743ad350dbc379) Importer(815301076,1909f56bfc062723c751e8b465ee728b)
Start importing Assets/動畫/WITHfangs@Throw.fbx using Guid(dab5e78d1f4744243b743ad350dbc379) Importer(815301076,1909f56bfc062723c751e8b465ee728b)  -> (artifact id: 'e00ba9c480872e802aad9511247c1e9e') in 0.032460 seconds 
  Import took 0.040110 seconds .

========================================================================
Received Import Request.
  Time since last request: 282.860681 seconds.
  path: Assets/動畫/WITHfangs@Happy Idle.fbx
  artifactKey: Guid(e06c8a826d8564848827f7199e70e092) Importer(815301076,1909f56bfc062723c751e8b465ee728b)
Start importing Assets/動畫/WITHfangs@Happy Idle.fbx using Guid(e06c8a826d8564848827f7199e70e092) Importer(815301076,1909f56bfc062723c751e8b465ee728b)  -> (artifact id: '253c41ab1c95b0481c0c86319c5f466d') in 0.041460 seconds 
  Import took 0.057964 seconds .

========================================================================
Received Import Request.
  Time since last request: 10.276420 seconds.
  path: Assets/動畫/WITHfangs@Throw.fbx
  artifactKey: Guid(dab5e78d1f4744243b743ad350dbc379) Importer(815301076,1909f56bfc062723c751e8b465ee728b)
Start importing Assets/動畫/WITHfangs@Throw.fbx using Guid(dab5e78d1f4744243b743ad350dbc379) Importer(815301076,1909f56bfc062723c751e8b465ee728b)  -> (artifact id: '539dbd5ccd8cde70e635cc3a5c2e9595') in 0.039530 seconds 
  Import took 0.044419 seconds .

========================================================================
Received Import Request.
  Time since last request: 16.736365 seconds.
  path: Assets/動畫/WITHfangs@Two Handed Sword Death.fbx
  artifactKey: Guid(27605906da5e07946a6e61f078dca99c) Importer(815301076,1909f56bfc062723c751e8b465ee728b)
Start importing Assets/動畫/WITHfangs@Two Handed Sword Death.fbx using Guid(27605906da5e07946a6e61f078dca99c) Importer(815301076,1909f56bfc062723c751e8b465ee728b)  -> (artifact id: 'd4cd1c2f5fac5984230b397ba91cafd4') in 0.036437 seconds 
  Import took 0.040956 seconds .

========================================================================
Received Import Request.
  Time since last request: 95.812713 seconds.
  path: Assets/動畫/毛貓.controller
  artifactKey: Guid(47929de4c62db0b4097dbc99f529d27e) Importer(815301076,1909f56bfc062723c751e8b465ee728b)
Start importing Assets/動畫/毛貓.controller using Guid(47929de4c62db0b4097dbc99f529d27e) Importer(815301076,1909f56bfc062723c751e8b465ee728b)  -> (artifact id: 'b0967db82b7dde7b8350ad3c5f45a6f5') in 0.033179 seconds 
  Import took 0.039371 seconds .

========================================================================
Received Import Request.
  Time since last request: 553.169587 seconds.
  path: Assets/動畫/WITHfangs.fbx
  artifactKey: Guid(2dd36625bfa59144fa934ec5e7bd6633) Importer(815301076,1909f56bfc062723c751e8b465ee728b)
Start importing Assets/動畫/WITHfangs.fbx using Guid(2dd36625bfa59144fa934ec5e7bd6633) Importer(815301076,1909f56bfc062723c751e8b465ee728b)  -> (artifact id: 'e2102f68c8ccb235eb49148564e51bdf') in 0.058696 seconds 
  Import took 0.063353 seconds .

========================================================================
Received Import Request.
  Time since last request: 10.024715 seconds.
  path: Assets/動畫/WITHfangs.fbx
  artifactKey: Guid(2dd36625bfa59144fa934ec5e7bd6633) Importer(815301076,1909f56bfc062723c751e8b465ee728b)
Start importing Assets/動畫/WITHfangs.fbx using Guid(2dd36625bfa59144fa934ec5e7bd6633) Importer(815301076,1909f56bfc062723c751e8b465ee728b)  -> (artifact id: '1a31e937809098de40b639f66c56a660') in 0.028844 seconds 
  Import took 0.035073 seconds .

========================================================================
Received Import Request.
  Time since last request: 13.900320 seconds.
  path: Assets/動畫/WITHfangs.fbx
  artifactKey: Guid(2dd36625bfa59144fa934ec5e7bd6633) Importer(815301076,1909f56bfc062723c751e8b465ee728b)
Start importing Assets/動畫/WITHfangs.fbx using Guid(2dd36625bfa59144fa934ec5e7bd6633) Importer(815301076,1909f56bfc062723c751e8b465ee728b)  -> (artifact id: 'd4ca9fee3521d0c868c4b6842708f133') in 0.031125 seconds 
  Import took 0.035614 seconds .

========================================================================
Received Import Request.
  Time since last request: 165.174071 seconds.
  path: Assets/動畫/毛貓.controller
  artifactKey: Guid(47929de4c62db0b4097dbc99f529d27e) Importer(815301076,1909f56bfc062723c751e8b465ee728b)
Start importing Assets/動畫/毛貓.controller using Guid(47929de4c62db0b4097dbc99f529d27e) Importer(815301076,1909f56bfc062723c751e8b465ee728b)  -> (artifact id: '679ad5f1bbbf64dcfa7bd51f8aea3745') in 0.021769 seconds 
  Import took 0.027295 seconds .

========================================================================
Received Prepare
Registering precompiled user dll's ...
Registered in 0.005512 seconds.
Begin MonoManager ReloadAssembly
Native extension for WindowsStandalone target not found
Native extension for WebGL target not found
Refreshing native plugins compatible for Editor in 1.17 ms, found 2 plugins.
Preloading 0 native plugins for Editor in 0.00 ms.
Mono: successfully reloaded assembly
- Completed reload, in  1.301 seconds
Domain Reload Profiling:
	ReloadAssembly (1303ms)
		BeginReloadAssembly (318ms)
			ExecutionOrderSort (0ms)
			DisableScriptedObjects (24ms)
			BackupInstance (0ms)
			ReleaseScriptingObjects (0ms)
			CreateAndSetChildDomain (193ms)
		EndReloadAssembly (923ms)
			LoadAssemblies (116ms)
			RebuildTransferFunctionScriptingTraits (0ms)
			SetupTypeCache (341ms)
			ReleaseScriptCaches (1ms)
			RebuildScriptCaches (35ms)
			SetupLoadedEditorAssemblies (307ms)
				LogAssemblyErrors (0ms)
				InitializePlatformSupportModulesInManaged (8ms)
				SetLoadedEditorAssemblies (1ms)
				RefreshPlugins (1ms)
				BeforeProcessingInitializeOnLoad (61ms)
				ProcessInitializeOnLoadAttributes (219ms)
				ProcessInitializeOnLoadMethodAttributes (10ms)
				AfterProcessingInitializeOnLoad (6ms)
				EditorAssembliesLoaded (0ms)
			ExecutionOrderSort2 (0ms)
			AwakeInstancesAfterBackupRestoration (8ms)
Platform modules already initialized, skipping
Refreshing native plugins compatible for Editor in 0.94 ms, found 2 plugins.
Preloading 0 native plugins for Editor in 0.00 ms.
Unloading 1494 Unused Serialized files (Serialized files now loaded: 0)
System memory in use before: 85.7 MB.
System memory in use after: 85.8 MB.

Unloading 15 unused Assets to reduce memory usage. Loaded Objects now: 1980.
Total: 3.295600 ms (FindLiveObjects: 0.317800 ms CreateObjectMapping: 0.047500 ms MarkObjects: 2.893400 ms  DeleteObjects: 0.033800 ms)

AssetImportParameters requested are different than current active one (requested -> active):
  custom:framework-win-MediaFoundation: 216162199b28c13a410421893ffa2e32 -> 
  custom:video-decoder-ogg-theora: a1e56fd34408186e4bbccfd4996cb3dc -> 
  custom:container-muxer-webm: aa71ff27fc2769a1b78a27578f13a17b -> 
  custom:container-demuxer-webm: 4f35f7cbe854078d1ac9338744f61a02 -> 
  custom:container-demuxer-ogg: 62fdf1f143b41e24485cea50d1cbac27 -> 
  custom:video-encoder-webm-vp8: eb34c28f22e8b96e1ab97ce403110664 -> 
  custom:video-decoder-webm-vp8: 9c59270c3fd7afecdb556c50c9e8de78 -> 
  custom:audio-decoder-ogg-vorbis: bf7c407c2cedff20999df2af8eb42d56 -> 
  custom:audio-encoder-webm-vorbis: bf7c407c2cedff20999df2af8eb42d56 -> 
========================================================================
Received Import Request.
  Time since last request: 22.502049 seconds.
  path: Assets/動畫/WITHfangs@Happy Idle.fbx
  artifactKey: Guid(e06c8a826d8564848827f7199e70e092) Importer(815301076,1909f56bfc062723c751e8b465ee728b)
Start importing Assets/動畫/WITHfangs@Happy Idle.fbx using Guid(e06c8a826d8564848827f7199e70e092) Importer(815301076,1909f56bfc062723c751e8b465ee728b)  -> (artifact id: '4a1e0918653de453a8df65328ab7df23') in 0.134140 seconds 
  Import took 0.137166 seconds .

========================================================================
Received Prepare
Registering precompiled user dll's ...
Registered in 0.002993 seconds.
Begin MonoManager ReloadAssembly
Native extension for WindowsStandalone target not found
Native extension for WebGL target not found
Refreshing native plugins compatible for Editor in 0.88 ms, found 2 plugins.
Preloading 0 native plugins for Editor in 0.00 ms.
Mono: successfully reloaded assembly
- Completed reload, in  1.171 seconds
Domain Reload Profiling:
	ReloadAssembly (1172ms)
		BeginReloadAssembly (107ms)
			ExecutionOrderSort (0ms)
			DisableScriptedObjects (4ms)
			BackupInstance (0ms)
			ReleaseScriptingObjects (0ms)
			CreateAndSetChildDomain (44ms)
		EndReloadAssembly (999ms)
			LoadAssemblies (98ms)
			RebuildTransferFunctionScriptingTraits (0ms)
			SetupTypeCache (282ms)
			ReleaseScriptCaches (4ms)
			RebuildScriptCaches (58ms)
			SetupLoadedEditorAssemblies (416ms)
				LogAssemblyErrors (0ms)
				InitializePlatformSupportModulesInManaged (10ms)
				SetLoadedEditorAssemblies (1ms)
				RefreshPlugins (1ms)
				BeforeProcessingInitializeOnLoad (73ms)
				ProcessInitializeOnLoadAttributes (309ms)
				ProcessInitializeOnLoadMethodAttributes (16ms)
				AfterProcessingInitializeOnLoad (6ms)
				EditorAssembliesLoaded (1ms)
			ExecutionOrderSort2 (0ms)
			AwakeInstancesAfterBackupRestoration (11ms)
Platform modules already initialized, skipping
Refreshing native plugins compatible for Editor in 0.78 ms, found 2 plugins.
Preloading 0 native plugins for Editor in 0.00 ms.
Unloading 1494 Unused Serialized files (Serialized files now loaded: 0)
System memory in use before: 85.7 MB.
System memory in use after: 85.8 MB.

Unloading 15 unused Assets to reduce memory usage. Loaded Objects now: 1983.
Total: 4.996000 ms (FindLiveObjects: 0.441400 ms CreateObjectMapping: 0.392900 ms MarkObjects: 4.133100 ms  DeleteObjects: 0.026800 ms)

AssetImportParameters requested are different than current active one (requested -> active):
  custom:framework-win-MediaFoundation: 216162199b28c13a410421893ffa2e32 -> 
  custom:video-decoder-ogg-theora: a1e56fd34408186e4bbccfd4996cb3dc -> 
  custom:container-muxer-webm: aa71ff27fc2769a1b78a27578f13a17b -> 
  custom:container-demuxer-webm: 4f35f7cbe854078d1ac9338744f61a02 -> 
  custom:container-demuxer-ogg: 62fdf1f143b41e24485cea50d1cbac27 -> 
  custom:video-encoder-webm-vp8: eb34c28f22e8b96e1ab97ce403110664 -> 
  custom:video-decoder-webm-vp8: 9c59270c3fd7afecdb556c50c9e8de78 -> 
  custom:audio-decoder-ogg-vorbis: bf7c407c2cedff20999df2af8eb42d56 -> 
  custom:audio-encoder-webm-vorbis: bf7c407c2cedff20999df2af8eb42d56 -> 
========================================================================
Received Import Request.
  Time since last request: 20.955069 seconds.
  path: Assets/動畫/WITHfangs@Happy Idle.fbx
  artifactKey: Guid(e06c8a826d8564848827f7199e70e092) Importer(815301076,1909f56bfc062723c751e8b465ee728b)
Start importing Assets/動畫/WITHfangs@Happy Idle.fbx using Guid(e06c8a826d8564848827f7199e70e092) Importer(815301076,1909f56bfc062723c751e8b465ee728b)  -> (artifact id: '7f25a07e97f7035bf39f8d95ebacb9e3') in 0.142760 seconds 
  Import took 0.150356 seconds .

========================================================================
Received Prepare
Registering precompiled user dll's ...
Registered in 0.003285 seconds.
Begin MonoManager ReloadAssembly
Native extension for WindowsStandalone target not found
Native extension for WebGL target not found
Refreshing native plugins compatible for Editor in 0.51 ms, found 2 plugins.
Preloading 0 native plugins for Editor in 0.00 ms.
Mono: successfully reloaded assembly
- Completed reload, in  0.825 seconds
Domain Reload Profiling:
	ReloadAssembly (825ms)
		BeginReloadAssembly (89ms)
			ExecutionOrderSort (0ms)
			DisableScriptedObjects (3ms)
			BackupInstance (0ms)
			ReleaseScriptingObjects (0ms)
			CreateAndSetChildDomain (34ms)
		EndReloadAssembly (682ms)
			LoadAssemblies (71ms)
			RebuildTransferFunctionScriptingTraits (0ms)
			SetupTypeCache (230ms)
			ReleaseScriptCaches (2ms)
			RebuildScriptCaches (48ms)
			SetupLoadedEditorAssemblies (240ms)
				LogAssemblyErrors (0ms)
				InitializePlatformSupportModulesInManaged (5ms)
				SetLoadedEditorAssemblies (0ms)
				RefreshPlugins (1ms)
				BeforeProcessingInitializeOnLoad (43ms)
				ProcessInitializeOnLoadAttributes (179ms)
				ProcessInitializeOnLoadMethodAttributes (8ms)
				AfterProcessingInitializeOnLoad (4ms)
				EditorAssembliesLoaded (1ms)
			ExecutionOrderSort2 (0ms)
			AwakeInstancesAfterBackupRestoration (7ms)
Platform modules already initialized, skipping
Refreshing native plugins compatible for Editor in 0.71 ms, found 2 plugins.
Preloading 0 native plugins for Editor in 0.00 ms.
Unloading 1494 Unused Serialized files (Serialized files now loaded: 0)
System memory in use before: 85.7 MB.
System memory in use after: 85.8 MB.

Unloading 15 unused Assets to reduce memory usage. Loaded Objects now: 1986.
Total: 3.275300 ms (FindLiveObjects: 0.212500 ms CreateObjectMapping: 0.043400 ms MarkObjects: 2.983800 ms  DeleteObjects: 0.033600 ms)

AssetImportParameters requested are different than current active one (requested -> active):
  custom:framework-win-MediaFoundation: 216162199b28c13a410421893ffa2e32 -> 
  custom:video-decoder-ogg-theora: a1e56fd34408186e4bbccfd4996cb3dc -> 
  custom:container-muxer-webm: aa71ff27fc2769a1b78a27578f13a17b -> 
  custom:container-demuxer-webm: 4f35f7cbe854078d1ac9338744f61a02 -> 
  custom:container-demuxer-ogg: 62fdf1f143b41e24485cea50d1cbac27 -> 
  custom:video-encoder-webm-vp8: eb34c28f22e8b96e1ab97ce403110664 -> 
  custom:video-decoder-webm-vp8: 9c59270c3fd7afecdb556c50c9e8de78 -> 
  custom:audio-decoder-ogg-vorbis: bf7c407c2cedff20999df2af8eb42d56 -> 
  custom:audio-encoder-webm-vorbis: bf7c407c2cedff20999df2af8eb42d56 -> 
========================================================================
Received Prepare
Registering precompiled user dll's ...
Registered in 0.004347 seconds.
Begin MonoManager ReloadAssembly
Native extension for WindowsStandalone target not found
Native extension for WebGL target not found
Refreshing native plugins compatible for Editor in 0.43 ms, found 2 plugins.
Preloading 0 native plugins for Editor in 0.00 ms.
Mono: successfully reloaded assembly
- Completed reload, in  0.898 seconds
Domain Reload Profiling:
	ReloadAssembly (898ms)
		BeginReloadAssembly (112ms)
			ExecutionOrderSort (0ms)
			DisableScriptedObjects (4ms)
			BackupInstance (0ms)
			ReleaseScriptingObjects (0ms)
			CreateAndSetChildDomain (49ms)
		EndReloadAssembly (732ms)
			LoadAssemblies (82ms)
			RebuildTransferFunctionScriptingTraits (0ms)
			SetupTypeCache (264ms)
			ReleaseScriptCaches (3ms)
			RebuildScriptCaches (37ms)
			SetupLoadedEditorAssemblies (264ms)
				LogAssemblyErrors (0ms)
				InitializePlatformSupportModulesInManaged (5ms)
				SetLoadedEditorAssemblies (1ms)
				RefreshPlugins (1ms)
				BeforeProcessingInitializeOnLoad (50ms)
				ProcessInitializeOnLoadAttributes (195ms)
				ProcessInitializeOnLoadMethodAttributes (8ms)
				AfterProcessingInitializeOnLoad (4ms)
				EditorAssembliesLoaded (0ms)
			ExecutionOrderSort2 (0ms)
			AwakeInstancesAfterBackupRestoration (7ms)
Platform modules already initialized, skipping
Refreshing native plugins compatible for Editor in 0.31 ms, found 2 plugins.
Preloading 0 native plugins for Editor in 0.00 ms.
Unloading 1494 Unused Serialized files (Serialized files now loaded: 0)
System memory in use before: 85.7 MB.
System memory in use after: 85.8 MB.

Unloading 14 unused Assets to reduce memory usage. Loaded Objects now: 1988.
Total: 2.145800 ms (FindLiveObjects: 0.134100 ms CreateObjectMapping: 0.035100 ms MarkObjects: 1.957600 ms  DeleteObjects: 0.017800 ms)

AssetImportParameters requested are different than current active one (requested -> active):
  custom:framework-win-MediaFoundation: 216162199b28c13a410421893ffa2e32 -> 
  custom:video-decoder-ogg-theora: a1e56fd34408186e4bbccfd4996cb3dc -> 
  custom:container-muxer-webm: aa71ff27fc2769a1b78a27578f13a17b -> 
  custom:container-demuxer-webm: 4f35f7cbe854078d1ac9338744f61a02 -> 
  custom:container-demuxer-ogg: 62fdf1f143b41e24485cea50d1cbac27 -> 
  custom:video-encoder-webm-vp8: eb34c28f22e8b96e1ab97ce403110664 -> 
  custom:video-decoder-webm-vp8: 9c59270c3fd7afecdb556c50c9e8de78 -> 
  custom:audio-decoder-ogg-vorbis: bf7c407c2cedff20999df2af8eb42d56 -> 
  custom:audio-encoder-webm-vorbis: bf7c407c2cedff20999df2af8eb42d56 -> 
========================================================================
Received Import Request.
  Time since last request: 666.205526 seconds.
  path: Assets/素材/4829873_arrow_down_download_icon.png
  artifactKey: Guid(31c554b04dc59ef4f913078c5199bc68) Importer(815301076,1909f56bfc062723c751e8b465ee728b)
Start importing Assets/素材/4829873_arrow_down_download_icon.png using Guid(31c554b04dc59ef4f913078c5199bc68) Importer(815301076,1909f56bfc062723c751e8b465ee728b)  -> (artifact id: 'a94f595dc8ac77abd8e47ea5e4ac8ff5') in 0.039793 seconds 
  Import took 0.044515 seconds .

========================================================================
Received Import Request.
  Time since last request: 7.954241 seconds.
  path: Assets/素材/輔助瞄準.png
  artifactKey: Guid(31c554b04dc59ef4f913078c5199bc68) Importer(815301076,1909f56bfc062723c751e8b465ee728b)
Start importing Assets/素材/輔助瞄準.png using Guid(31c554b04dc59ef4f913078c5199bc68) Importer(815301076,1909f56bfc062723c751e8b465ee728b)  -> (artifact id: '9277f5f4fca3f4f4968972c2b67bfc70') in 0.012117 seconds 
  Import took 0.016149 seconds .

========================================================================
Received Import Request.
  Time since last request: 42.418563 seconds.
  path: Assets/素材/輔助瞄準.png
  artifactKey: Guid(31c554b04dc59ef4f913078c5199bc68) Importer(815301076,1909f56bfc062723c751e8b465ee728b)
Start importing Assets/素材/輔助瞄準.png using Guid(31c554b04dc59ef4f913078c5199bc68) Importer(815301076,1909f56bfc062723c751e8b465ee728b)  -> (artifact id: '0bda8390f909ac8c2b91934eefe9c0b1') in 0.046114 seconds 
  Import took 0.050676 seconds .

========================================================================
Received Prepare
Registering precompiled user dll's ...
Registered in 0.003982 seconds.
Begin MonoManager ReloadAssembly
Native extension for WindowsStandalone target not found
Native extension for WebGL target not found
Refreshing native plugins compatible for Editor in 0.68 ms, found 2 plugins.
Preloading 0 native plugins for Editor in 0.00 ms.
Mono: successfully reloaded assembly
- Completed reload, in  1.051 seconds
Domain Reload Profiling:
	ReloadAssembly (1052ms)
		BeginReloadAssembly (152ms)
			ExecutionOrderSort (0ms)
			DisableScriptedObjects (5ms)
			BackupInstance (0ms)
			ReleaseScriptingObjects (0ms)
			CreateAndSetChildDomain (68ms)
		EndReloadAssembly (770ms)
			LoadAssemblies (101ms)
			RebuildTransferFunctionScriptingTraits (0ms)
			SetupTypeCache (275ms)
			ReleaseScriptCaches (1ms)
			RebuildScriptCaches (43ms)
			SetupLoadedEditorAssemblies (274ms)
				LogAssemblyErrors (0ms)
				InitializePlatformSupportModulesInManaged (5ms)
				SetLoadedEditorAssemblies (1ms)
				RefreshPlugins (1ms)
				BeforeProcessingInitializeOnLoad (52ms)
				ProcessInitializeOnLoadAttributes (200ms)
				ProcessInitializeOnLoadMethodAttributes (10ms)
				AfterProcessingInitializeOnLoad (4ms)
				EditorAssembliesLoaded (0ms)
			ExecutionOrderSort2 (0ms)
			AwakeInstancesAfterBackupRestoration (7ms)
Platform modules already initialized, skipping
Refreshing native plugins compatible for Editor in 0.48 ms, found 2 plugins.
Preloading 0 native plugins for Editor in 0.00 ms.
Unloading 1494 Unused Serialized files (Serialized files now loaded: 0)
System memory in use before: 85.8 MB.
System memory in use after: 85.9 MB.

Unloading 14 unused Assets to reduce memory usage. Loaded Objects now: 1992.
Total: 3.188100 ms (FindLiveObjects: 0.142500 ms CreateObjectMapping: 0.031400 ms MarkObjects: 2.989900 ms  DeleteObjects: 0.022600 ms)

AssetImportParameters requested are different than current active one (requested -> active):
  custom:framework-win-MediaFoundation: 216162199b28c13a410421893ffa2e32 -> 
  custom:video-decoder-ogg-theora: a1e56fd34408186e4bbccfd4996cb3dc -> 
  custom:container-muxer-webm: aa71ff27fc2769a1b78a27578f13a17b -> 
  custom:container-demuxer-webm: 4f35f7cbe854078d1ac9338744f61a02 -> 
  custom:container-demuxer-ogg: 62fdf1f143b41e24485cea50d1cbac27 -> 
  custom:video-encoder-webm-vp8: eb34c28f22e8b96e1ab97ce403110664 -> 
  custom:video-decoder-webm-vp8: 9c59270c3fd7afecdb556c50c9e8de78 -> 
  custom:audio-decoder-ogg-vorbis: bf7c407c2cedff20999df2af8eb42d56 -> 
  custom:audio-encoder-webm-vorbis: bf7c407c2cedff20999df2af8eb42d56 -> 
========================================================================
Received Import Request.
  Time since last request: 551.250384 seconds.
  path: Assets/Prefabs/Cat Lamp.prefab
  artifactKey: Guid(7f99280b0724c5a4e9667263c6089487) Importer(815301076,1909f56bfc062723c751e8b465ee728b)
Start importing Assets/Prefabs/Cat Lamp.prefab using Guid(7f99280b0724c5a4e9667263c6089487) Importer(815301076,1909f56bfc062723c751e8b465ee728b)  -> (artifact id: '255f3b14a9340e6cda3b7e55c0e1214e') in 0.090507 seconds 
  Import took 0.094737 seconds .

========================================================================
Received Import Request.
  Time since last request: 7.915657 seconds.
  path: Assets/Prefabs/慶濟.prefab
  artifactKey: Guid(7f99280b0724c5a4e9667263c6089487) Importer(815301076,1909f56bfc062723c751e8b465ee728b)
Start importing Assets/Prefabs/慶濟.prefab using Guid(7f99280b0724c5a4e9667263c6089487) Importer(815301076,1909f56bfc062723c751e8b465ee728b)  -> (artifact id: '86a49b6019946805392ce6fa4d9162d8') in 0.017632 seconds 
  Import took 0.022034 seconds .

========================================================================
Received Import Request.
  Time since last request: 176.865486 seconds.
  path: Assets/Script
  artifactKey: Guid(dd3f39d737fc0f041b0a8e358dd8e5c7) Importer(815301076,1909f56bfc062723c751e8b465ee728b)
Start importing Assets/Script using Guid(dd3f39d737fc0f041b0a8e358dd8e5c7) Importer(815301076,1909f56bfc062723c751e8b465ee728b)  -> (artifact id: '3ece7db0bf1b737b75414ad0b469109a') in 0.003268 seconds 
  Import took 0.008706 seconds .

========================================================================
Received Import Request.
  Time since last request: 11.869260 seconds.
  path: Assets/Script/ControlSystem.cs
  artifactKey: Guid(06ce1f96a3a668840a10118b256749e8) Importer(815301076,1909f56bfc062723c751e8b465ee728b)
Start importing Assets/Script/ControlSystem.cs using Guid(06ce1f96a3a668840a10118b256749e8) Importer(815301076,1909f56bfc062723c751e8b465ee728b)  -> (artifact id: 'c9c7c2181e3ed59c06aa529c9719f468') in 0.023641 seconds 
  Import took 0.034258 seconds .

========================================================================
Received Prepare
Registering precompiled user dll's ...
Registered in 0.012818 seconds.
Begin MonoManager ReloadAssembly
Native extension for WindowsStandalone target not found
Native extension for WebGL target not found
Refreshing native plugins compatible for Editor in 1.01 ms, found 2 plugins.
Preloading 0 native plugins for Editor in 0.00 ms.
Mono: successfully reloaded assembly
- Completed reload, in  1.500 seconds
Domain Reload Profiling:
	ReloadAssembly (1501ms)
		BeginReloadAssembly (278ms)
			ExecutionOrderSort (0ms)
			DisableScriptedObjects (22ms)
			BackupInstance (0ms)
			ReleaseScriptingObjects (0ms)
			CreateAndSetChildDomain (109ms)
		EndReloadAssembly (940ms)
			LoadAssemblies (241ms)
			RebuildTransferFunctionScriptingTraits (0ms)
			SetupTypeCache (320ms)
			ReleaseScriptCaches (1ms)
			RebuildScriptCaches (35ms)
			SetupLoadedEditorAssemblies (303ms)
				LogAssemblyErrors (0ms)
				InitializePlatformSupportModulesInManaged (9ms)
				SetLoadedEditorAssemblies (1ms)
				RefreshPlugins (1ms)
				BeforeProcessingInitializeOnLoad (59ms)
				ProcessInitializeOnLoadAttributes (212ms)
				ProcessInitializeOnLoadMethodAttributes (13ms)
				AfterProcessingInitializeOnLoad (7ms)
				EditorAssembliesLoaded (0ms)
			ExecutionOrderSort2 (0ms)
			AwakeInstancesAfterBackupRestoration (8ms)
Platform modules already initialized, skipping
Refreshing native plugins compatible for Editor in 0.41 ms, found 2 plugins.
Preloading 0 native plugins for Editor in 0.00 ms.
Unloading 1495 Unused Serialized files (Serialized files now loaded: 0)
System memory in use before: 85.8 MB.
System memory in use after: 85.9 MB.

Unloading 14 unused Assets to reduce memory usage. Loaded Objects now: 1996.
Total: 3.114000 ms (FindLiveObjects: 0.409500 ms CreateObjectMapping: 0.108900 ms MarkObjects: 2.570800 ms  DeleteObjects: 0.022700 ms)

AssetImportParameters requested are different than current active one (requested -> active):
  custom:framework-win-MediaFoundation: 216162199b28c13a410421893ffa2e32 -> 
  custom:video-decoder-ogg-theora: a1e56fd34408186e4bbccfd4996cb3dc -> 
  custom:container-muxer-webm: aa71ff27fc2769a1b78a27578f13a17b -> 
  custom:container-demuxer-webm: 4f35f7cbe854078d1ac9338744f61a02 -> 
  custom:container-demuxer-ogg: 62fdf1f143b41e24485cea50d1cbac27 -> 
  custom:video-encoder-webm-vp8: eb34c28f22e8b96e1ab97ce403110664 -> 
  custom:video-decoder-webm-vp8: 9c59270c3fd7afecdb556c50c9e8de78 -> 
  custom:audio-decoder-ogg-vorbis: bf7c407c2cedff20999df2af8eb42d56 -> 
  custom:audio-encoder-webm-vorbis: bf7c407c2cedff20999df2af8eb42d56 -> 
========================================================================
Received Import Request.
  Time since last request: 257.530884 seconds.
  path: Assets/Prefabs/子彈貓.prefab
  artifactKey: Guid(7f99280b0724c5a4e9667263c6089487) Importer(815301076,1909f56bfc062723c751e8b465ee728b)
Start importing Assets/Prefabs/子彈貓.prefab using Guid(7f99280b0724c5a4e9667263c6089487) Importer(815301076,1909f56bfc062723c751e8b465ee728b)  -> (artifact id: 'bc1c65b77abb588a6361a6f49adfc0f9') in 0.095962 seconds 
  Import took 0.100537 seconds .

========================================================================
Received Prepare
Registering precompiled user dll's ...
Registered in 0.003639 seconds.
Begin MonoManager ReloadAssembly
Native extension for WindowsStandalone target not found
Native extension for WebGL target not found
Refreshing native plugins compatible for Editor in 1.45 ms, found 2 plugins.
Preloading 0 native plugins for Editor in 0.00 ms.
Mono: successfully reloaded assembly
- Completed reload, in  0.982 seconds
Domain Reload Profiling:
	ReloadAssembly (982ms)
		BeginReloadAssembly (121ms)
			ExecutionOrderSort (0ms)
			DisableScriptedObjects (5ms)
			BackupInstance (0ms)
			ReleaseScriptingObjects (0ms)
			CreateAndSetChildDomain (50ms)
		EndReloadAssembly (797ms)
			LoadAssemblies (108ms)
			RebuildTransferFunctionScriptingTraits (0ms)
			SetupTypeCache (277ms)
			ReleaseScriptCaches (1ms)
			RebuildScriptCaches (43ms)
			SetupLoadedEditorAssemblies (271ms)
				LogAssemblyErrors (0ms)
				InitializePlatformSupportModulesInManaged (12ms)
				SetLoadedEditorAssemblies (1ms)
				RefreshPlugins (2ms)
				BeforeProcessingInitializeOnLoad (50ms)
				ProcessInitializeOnLoadAttributes (191ms)
				ProcessInitializeOnLoadMethodAttributes (9ms)
				AfterProcessingInitializeOnLoad (4ms)
				EditorAssembliesLoaded (0ms)
			ExecutionOrderSort2 (0ms)
			AwakeInstancesAfterBackupRestoration (5ms)
Platform modules already initialized, skipping
Refreshing native plugins compatible for Editor in 0.34 ms, found 2 plugins.
Preloading 0 native plugins for Editor in 0.00 ms.
Unloading 1495 Unused Serialized files (Serialized files now loaded: 0)
System memory in use before: 85.8 MB.
System memory in use after: 85.9 MB.

Unloading 14 unused Assets to reduce memory usage. Loaded Objects now: 1999.
Total: 4.244000 ms (FindLiveObjects: 0.320800 ms CreateObjectMapping: 0.046700 ms MarkObjects: 3.825500 ms  DeleteObjects: 0.047000 ms)

AssetImportParameters requested are different than current active one (requested -> active):
  custom:framework-win-MediaFoundation: 216162199b28c13a410421893ffa2e32 -> 
  custom:video-decoder-ogg-theora: a1e56fd34408186e4bbccfd4996cb3dc -> 
  custom:container-muxer-webm: aa71ff27fc2769a1b78a27578f13a17b -> 
  custom:container-demuxer-webm: 4f35f7cbe854078d1ac9338744f61a02 -> 
  custom:container-demuxer-ogg: 62fdf1f143b41e24485cea50d1cbac27 -> 
  custom:video-encoder-webm-vp8: eb34c28f22e8b96e1ab97ce403110664 -> 
  custom:video-decoder-webm-vp8: 9c59270c3fd7afecdb556c50c9e8de78 -> 
  custom:audio-decoder-ogg-vorbis: bf7c407c2cedff20999df2af8eb42d56 -> 
  custom:audio-encoder-webm-vorbis: bf7c407c2cedff20999df2af8eb42d56 -> 
========================================================================
Received Import Request.
  Time since last request: 838.124993 seconds.
  path: ProjectSettings/TagManager.asset
  artifactKey: Guid(00000000000000003000000000000000) Importer(815301076,1909f56bfc062723c751e8b465ee728b)
Start importing ProjectSettings/TagManager.asset using Guid(00000000000000003000000000000000) Importer(815301076,1909f56bfc062723c751e8b465ee728b)  -> (artifact id: '95df672b4aaba54310d34c83eef51bb8') in 0.030003 seconds 
  Import took 0.035080 seconds .

========================================================================
Received Import Request.
  Time since last request: 9.009102 seconds.
  path: Assets/Prefabs/地板.prefab
  artifactKey: Guid(614aec6d6214a7b48a8794d89b22f235) Importer(815301076,1909f56bfc062723c751e8b465ee728b)
Start importing Assets/Prefabs/地板.prefab using Guid(614aec6d6214a7b48a8794d89b22f235) Importer(815301076,1909f56bfc062723c751e8b465ee728b)  -> (artifact id: '1b6a8f9050a96864d53d2bca7d28e127') in 0.090587 seconds 
  Import took 0.094410 seconds .

========================================================================
Received Import Request.
  Time since last request: 111.858146 seconds.
  path: Assets/Script/ControlSystem.cs
  artifactKey: Guid(06ce1f96a3a668840a10118b256749e8) Importer(815301076,1909f56bfc062723c751e8b465ee728b)
Start importing Assets/Script/ControlSystem.cs using Guid(06ce1f96a3a668840a10118b256749e8) Importer(815301076,1909f56bfc062723c751e8b465ee728b)  -> (artifact id: '87f6ae861e167cab650ce39222d59c60') in 0.002302 seconds 
  Import took 0.006130 seconds .

AssetImportWorkerClient::OnTransportError - code=2 error=End of file
